<?xml version="1.0" encoding="UTF-8"?>
<coverage generated="1753048729295" clover="3.2.0">
  <project timestamp="1753048729295" name="All files">
    <metrics statements="99" coveredstatements="88" conditionals="19" coveredconditionals="12" methods="28" coveredmethods="26" elements="146" coveredelements="126" complexity="0" loc="99" ncloc="99" packages="1" files="3" classes="3"/>
    <file name="hash.ts" path="C:\Users\RealShahriya\Desktop\TOPAY FOUNDATION\Projects\TOPAY_Z512\js\src\hash.ts">
      <metrics statements="40" coveredstatements="37" conditionals="11" coveredconditionals="7" methods="11" coveredmethods="10"/>
      <line num="8" count="2" type="stmt"/>
      <line num="11" count="2" type="stmt"/>
      <line num="16" count="2" type="stmt"/>
      <line num="24" count="21" type="cond" truecount="0" falsecount="1"/>
      <line num="25" count="0" type="stmt"/>
      <line num="27" count="21" type="stmt"/>
      <line num="36" count="20" type="cond" truecount="2" falsecount="0"/>
      <line num="37" count="20" type="stmt"/>
      <line num="38" count="20" type="stmt"/>
      <line num="48" count="3" type="cond" truecount="1" falsecount="1"/>
      <line num="49" count="3" type="cond" truecount="1" falsecount="1"/>
      <line num="52" count="3" type="stmt"/>
      <line num="53" count="3" type="stmt"/>
      <line num="56" count="3" type="stmt"/>
      <line num="57" count="3" type="stmt"/>
      <line num="58" count="3" type="stmt"/>
      <line num="59" count="3" type="stmt"/>
      <line num="62" count="3" type="stmt"/>
      <line num="70" count="23" type="stmt"/>
      <line num="78" count="9" type="stmt"/>
      <line num="79" count="576" type="stmt"/>
      <line num="89" count="3" type="cond" truecount="1" falsecount="0"/>
      <line num="90" count="1" type="stmt"/>
      <line num="93" count="2" type="cond" truecount="1" falsecount="0"/>
      <line num="94" count="1" type="stmt"/>
      <line num="97" count="1" type="stmt"/>
      <line num="98" count="1" type="stmt"/>
      <line num="99" count="64" type="stmt"/>
      <line num="102" count="1" type="stmt"/>
      <line num="111" count="5" type="cond" truecount="0" falsecount="1"/>
      <line num="112" count="0" type="stmt"/>
      <line num="115" count="5" type="stmt"/>
      <line num="116" count="194" type="cond" truecount="1" falsecount="0"/>
      <line num="117" count="2" type="stmt"/>
      <line num="121" count="3" type="stmt"/>
      <line num="129" count="0" type="stmt"/>
      <line num="138" count="2" type="stmt"/>
      <line num="139" count="1" type="stmt"/>
      <line num="148" count="2" type="stmt"/>
      <line num="149" count="1" type="stmt"/>
    </file>
    <file name="index.ts" path="C:\Users\RealShahriya\Desktop\TOPAY FOUNDATION\Projects\TOPAY_Z512\js\src\index.ts">
      <metrics statements="4" coveredstatements="0" conditionals="0" coveredconditionals="0" methods="0" coveredmethods="0"/>
      <line num="10" count="0" type="stmt"/>
      <line num="11" count="0" type="stmt"/>
      <line num="14" count="0" type="stmt"/>
      <line num="15" count="0" type="stmt"/>
    </file>
    <file name="keypair.ts" path="C:\Users\RealShahriya\Desktop\TOPAY FOUNDATION\Projects\TOPAY_Z512\js\src\keypair.ts">
      <metrics statements="55" coveredstatements="51" conditionals="8" coveredconditionals="5" methods="17" coveredmethods="16"/>
      <line num="8" count="1" type="stmt"/>
      <line num="9" count="1" type="stmt"/>
      <line num="12" count="1" type="stmt"/>
      <line num="17" count="1" type="stmt"/>
      <line num="25" count="12" type="cond" truecount="1" falsecount="0"/>
      <line num="26" count="2" type="stmt"/>
      <line num="28" count="10" type="stmt"/>
      <line num="36" count="9" type="stmt"/>
      <line num="37" count="9" type="stmt"/>
      <line num="38" count="9" type="stmt"/>
      <line num="46" count="12" type="stmt"/>
      <line num="54" count="4" type="stmt"/>
      <line num="55" count="256" type="stmt"/>
      <line num="65" count="3" type="cond" truecount="1" falsecount="0"/>
      <line num="66" count="1" type="stmt"/>
      <line num="69" count="2" type="cond" truecount="1" falsecount="0"/>
      <line num="70" count="1" type="stmt"/>
      <line num="73" count="1" type="stmt"/>
      <line num="74" count="1" type="stmt"/>
      <line num="75" count="64" type="stmt"/>
      <line num="78" count="1" type="stmt"/>
      <line num="85" count="1" type="stmt"/>
      <line num="93" count="13" type="cond" truecount="1" falsecount="0"/>
      <line num="94" count="2" type="stmt"/>
      <line num="96" count="11" type="stmt"/>
      <line num="105" count="10" type="stmt"/>
      <line num="106" count="10" type="stmt"/>
      <line num="107" count="10" type="stmt"/>
      <line num="115" count="2" type="stmt"/>
      <line num="123" count="6" type="stmt"/>
      <line num="124" count="384" type="stmt"/>
      <line num="134" count="1" type="cond" truecount="0" falsecount="1"/>
      <line num="135" count="0" type="stmt"/>
      <line num="138" count="1" type="cond" truecount="0" falsecount="1"/>
      <line num="139" count="0" type="stmt"/>
      <line num="142" count="1" type="stmt"/>
      <line num="143" count="1" type="stmt"/>
      <line num="144" count="64" type="stmt"/>
      <line num="147" count="1" type="stmt"/>
      <line num="156" count="2" type="cond" truecount="0" falsecount="1"/>
      <line num="157" count="0" type="stmt"/>
      <line num="160" count="2" type="stmt"/>
      <line num="161" count="65" type="cond" truecount="1" falsecount="0"/>
      <line num="162" count="1" type="stmt"/>
      <line num="166" count="1" type="stmt"/>
      <line num="173" count="1" type="stmt"/>
      <line num="180" count="4" type="stmt"/>
      <line num="181" count="4" type="stmt"/>
      <line num="189" count="4" type="stmt"/>
      <line num="190" count="4" type="stmt"/>
      <line num="191" count="4" type="stmt"/>
      <line num="199" count="1" type="stmt"/>
      <line num="200" count="1" type="stmt"/>
      <line num="208" count="1" type="stmt"/>
      <line num="209" count="0" type="stmt"/>
    </file>
  </project>
</coverage>
