{"C:\\Users\\RealShahriya\\Desktop\\TOPAY FOUNDATION\\Projects\\TOPAY_Z512\\js\\src\\hash.ts": {"path":"C:\\Users\\RealShahriya\\Desktop\\TOPAY FOUNDATION\\Projects\\TOPAY_Z512\\js\\src\\hash.ts","statementMap":{"0":{"start":{"line":138,"column":0},"end":{"line":138,"column":16}},"1":{"start":{"line":148,"column":0},"end":{"line":148,"column":16}},"2":{"start":{"line":8,"column":0},"end":{"line":8,"column":35}},"3":{"start":{"line":11,"column":13},"end":{"line":11,"column":34}},"4":{"start":{"line":24,"column":4},"end":{"line":26,"column":5}},"5":{"start":{"line":25,"column":6},"end":{"line":25,"column":91}},"6":{"start":{"line":27,"column":4},"end":{"line":27,"column":39}},"7":{"start":{"line":36,"column":22},"end":{"line":36,"column":86}},"8":{"start":{"line":37,"column":22},"end":{"line":37,"column":53}},"9":{"start":{"line":38,"column":4},"end":{"line":38,"column":47}},"10":{"start":{"line":48,"column":23},"end":{"line":48,"column":90}},"11":{"start":{"line":49,"column":23},"end":{"line":49,"column":90}},"12":{"start":{"line":52,"column":18},"end":{"line":52,"column":38}},"13":{"start":{"line":53,"column":18},"end":{"line":53,"column":38}},"14":{"start":{"line":56,"column":26},"end":{"line":56,"column":95}},"15":{"start":{"line":57,"column":4},"end":{"line":57,"column":43}},"16":{"start":{"line":58,"column":4},"end":{"line":58,"column":50}},"17":{"start":{"line":59,"column":4},"end":{"line":59,"column":69}},"18":{"start":{"line":62,"column":4},"end":{"line":62,"column":35}},"19":{"start":{"line":70,"column":4},"end":{"line":70,"column":38}},"20":{"start":{"line":78,"column":4},"end":{"line":80,"column":16}},"21":{"start":{"line":79,"column":16},"end":{"line":79,"column":47}},"22":{"start":{"line":89,"column":4},"end":{"line":91,"column":5}},"23":{"start":{"line":90,"column":6},"end":{"line":90,"column":92}},"24":{"start":{"line":93,"column":4},"end":{"line":95,"column":5}},"25":{"start":{"line":94,"column":6},"end":{"line":94,"column":73}},"26":{"start":{"line":97,"column":18},"end":{"line":97,"column":49}},"27":{"start":{"line":98,"column":4},"end":{"line":100,"column":5}},"28":{"start":{"line":98,"column":17},"end":{"line":98,"column":18}},"29":{"start":{"line":99,"column":6},"end":{"line":99,"column":52}},"30":{"start":{"line":102,"column":4},"end":{"line":102,"column":27}},"31":{"start":{"line":111,"column":4},"end":{"line":113,"column":5}},"32":{"start":{"line":112,"column":6},"end":{"line":112,"column":19}},"33":{"start":{"line":115,"column":4},"end":{"line":119,"column":5}},"34":{"start":{"line":115,"column":17},"end":{"line":115,"column":18}},"35":{"start":{"line":116,"column":6},"end":{"line":118,"column":7}},"36":{"start":{"line":117,"column":8},"end":{"line":117,"column":21}},"37":{"start":{"line":121,"column":4},"end":{"line":121,"column":16}},"38":{"start":{"line":129,"column":4},"end":{"line":129,"column":24}},"39":{"start":{"line":16,"column":0},"end":{"line":16,"column":13}},"40":{"start":{"line":139,"column":2},"end":{"line":139,"column":35}},"41":{"start":{"line":149,"column":2},"end":{"line":149,"column":47}}},"fnMap":{"0":{"name":"(anonymous_0)","decl":{"start":{"line":23,"column":2},"end":{"line":23,"column":14}},"loc":{"start":{"line":23,"column":31},"end":{"line":28,"column":3}}},"1":{"name":"(anonymous_1)","decl":{"start":{"line":35,"column":2},"end":{"line":35,"column":8}},"loc":{"start":{"line":35,"column":38},"end":{"line":39,"column":3}}},"2":{"name":"(anonymous_2)","decl":{"start":{"line":47,"column":2},"end":{"line":47,"column":8}},"loc":{"start":{"line":47,"column":71},"end":{"line":63,"column":3}}},"3":{"name":"(anonymous_3)","decl":{"start":{"line":69,"column":2},"end":{"line":69,"column":10}},"loc":{"start":{"line":69,"column":10},"end":{"line":71,"column":3}}},"4":{"name":"(anonymous_4)","decl":{"start":{"line":77,"column":2},"end":{"line":77,"column":7}},"loc":{"start":{"line":77,"column":7},"end":{"line":81,"column":3}}},"5":{"name":"(anonymous_5)","decl":{"start":{"line":79,"column":11},"end":{"line":79,"column":12}},"loc":{"start":{"line":79,"column":16},"end":{"line":79,"column":47}}},"6":{"name":"(anonymous_6)","decl":{"start":{"line":88,"column":2},"end":{"line":88,"column":8}},"loc":{"start":{"line":88,"column":28},"end":{"line":103,"column":3}}},"7":{"name":"(anonymous_7)","decl":{"start":{"line":110,"column":2},"end":{"line":110,"column":8}},"loc":{"start":{"line":110,"column":20},"end":{"line":122,"column":3}}},"8":{"name":"(anonymous_8)","decl":{"start":{"line":128,"column":2},"end":{"line":128,"column":10}},"loc":{"start":{"line":128,"column":10},"end":{"line":130,"column":3}}},"9":{"name":"hash","decl":{"start":{"line":138,"column":16},"end":{"line":138,"column":20}},"loc":{"start":{"line":138,"column":46},"end":{"line":140,"column":1}}},"10":{"name":"hashCombine","decl":{"start":{"line":148,"column":16},"end":{"line":148,"column":27}},"loc":{"start":{"line":148,"column":82},"end":{"line":150,"column":1}}}},"branchMap":{"0":{"loc":{"start":{"line":24,"column":4},"end":{"line":26,"column":5}},"type":"if","locations":[{"start":{"line":24,"column":4},"end":{"line":26,"column":5}}]},"1":{"loc":{"start":{"line":36,"column":22},"end":{"line":36,"column":86}},"type":"cond-expr","locations":[{"start":{"line":36,"column":49},"end":{"line":36,"column":79}},{"start":{"line":36,"column":82},"end":{"line":36,"column":86}}]},"2":{"loc":{"start":{"line":48,"column":23},"end":{"line":48,"column":90}},"type":"cond-expr","locations":[{"start":{"line":48,"column":51},"end":{"line":48,"column":82}},{"start":{"line":48,"column":85},"end":{"line":48,"column":90}}]},"3":{"loc":{"start":{"line":49,"column":23},"end":{"line":49,"column":90}},"type":"cond-expr","locations":[{"start":{"line":49,"column":51},"end":{"line":49,"column":82}},{"start":{"line":49,"column":85},"end":{"line":49,"column":90}}]},"4":{"loc":{"start":{"line":89,"column":4},"end":{"line":91,"column":5}},"type":"if","locations":[{"start":{"line":89,"column":4},"end":{"line":91,"column":5}}]},"5":{"loc":{"start":{"line":93,"column":4},"end":{"line":95,"column":5}},"type":"if","locations":[{"start":{"line":93,"column":4},"end":{"line":95,"column":5}}]},"6":{"loc":{"start":{"line":111,"column":4},"end":{"line":113,"column":5}},"type":"if","locations":[{"start":{"line":111,"column":4},"end":{"line":113,"column":5}}]},"7":{"loc":{"start":{"line":116,"column":6},"end":{"line":118,"column":7}},"type":"if","locations":[{"start":{"line":116,"column":6},"end":{"line":118,"column":7}}]}},"s":{"0":2,"1":2,"2":2,"3":2,"4":21,"5":0,"6":21,"7":20,"8":20,"9":20,"10":3,"11":3,"12":3,"13":3,"14":3,"15":3,"16":3,"17":3,"18":3,"19":23,"20":9,"21":576,"22":3,"23":1,"24":2,"25":1,"26":1,"27":1,"28":1,"29":64,"30":1,"31":5,"32":0,"33":5,"34":5,"35":194,"36":2,"37":3,"38":0,"39":2,"40":1,"41":1},"f":{"0":21,"1":20,"2":3,"3":23,"4":9,"5":576,"6":3,"7":5,"8":0,"9":1,"10":1},"b":{"0":[0],"1":[10,10],"2":[3,0],"3":[3,0],"4":[1],"5":[1],"6":[0],"7":[2]}}
,"C:\\Users\\RealShahriya\\Desktop\\TOPAY FOUNDATION\\Projects\\TOPAY_Z512\\js\\src\\index.ts": {"path":"C:\\Users\\RealShahriya\\Desktop\\TOPAY FOUNDATION\\Projects\\TOPAY_Z512\\js\\src\\index.ts","statementMap":{"0":{"start":{"line":10,"column":0},"end":{"line":10,"column":23}},"1":{"start":{"line":11,"column":0},"end":{"line":11,"column":26}},"2":{"start":{"line":14,"column":13},"end":{"line":14,"column":31}},"3":{"start":{"line":15,"column":13},"end":{"line":15,"column":32}}},"fnMap":{},"branchMap":{},"s":{"0":0,"1":0,"2":0,"3":0},"f":{},"b":{}}
,"C:\\Users\\RealShahriya\\Desktop\\TOPAY FOUNDATION\\Projects\\TOPAY_Z512\\js\\src\\keypair.ts": {"path":"C:\\Users\\RealShahriya\\Desktop\\TOPAY FOUNDATION\\Projects\\TOPAY_Z512\\js\\src\\keypair.ts","statementMap":{"0":{"start":{"line":199,"column":0},"end":{"line":199,"column":16}},"1":{"start":{"line":208,"column":0},"end":{"line":208,"column":16}},"2":{"start":{"line":8,"column":0},"end":{"line":8,"column":35}},"3":{"start":{"line":9,"column":0},"end":{"line":9,"column":41}},"4":{"start":{"line":12,"column":13},"end":{"line":12,"column":46}},"5":{"start":{"line":25,"column":4},"end":{"line":27,"column":5}},"6":{"start":{"line":26,"column":6},"end":{"line":26,"column":97}},"7":{"start":{"line":28,"column":4},"end":{"line":28,"column":39}},"8":{"start":{"line":36,"column":18},"end":{"line":36,"column":48}},"9":{"start":{"line":37,"column":4},"end":{"line":37,"column":34}},"10":{"start":{"line":38,"column":4},"end":{"line":38,"column":33}},"11":{"start":{"line":46,"column":4},"end":{"line":46,"column":38}},"12":{"start":{"line":54,"column":4},"end":{"line":56,"column":16}},"13":{"start":{"line":55,"column":16},"end":{"line":55,"column":47}},"14":{"start":{"line":65,"column":4},"end":{"line":67,"column":5}},"15":{"start":{"line":66,"column":6},"end":{"line":66,"column":91}},"16":{"start":{"line":69,"column":4},"end":{"line":71,"column":5}},"17":{"start":{"line":70,"column":6},"end":{"line":70,"column":73}},"18":{"start":{"line":73,"column":18},"end":{"line":73,"column":48}},"19":{"start":{"line":74,"column":4},"end":{"line":76,"column":5}},"20":{"start":{"line":74,"column":17},"end":{"line":74,"column":18}},"21":{"start":{"line":75,"column":6},"end":{"line":75,"column":52}},"22":{"start":{"line":78,"column":4},"end":{"line":78,"column":33}},"23":{"start":{"line":17,"column":0},"end":{"line":17,"column":13}},"24":{"start":{"line":93,"column":4},"end":{"line":95,"column":5}},"25":{"start":{"line":94,"column":6},"end":{"line":94,"column":96}},"26":{"start":{"line":96,"column":4},"end":{"line":96,"column":39}},"27":{"start":{"line":105,"column":28},"end":{"line":105,"column":49}},"28":{"start":{"line":106,"column":22},"end":{"line":106,"column":59}},"29":{"start":{"line":107,"column":4},"end":{"line":107,"column":52}},"30":{"start":{"line":115,"column":4},"end":{"line":115,"column":38}},"31":{"start":{"line":123,"column":4},"end":{"line":125,"column":16}},"32":{"start":{"line":124,"column":16},"end":{"line":124,"column":47}},"33":{"start":{"line":134,"column":4},"end":{"line":136,"column":5}},"34":{"start":{"line":135,"column":6},"end":{"line":135,"column":91}},"35":{"start":{"line":138,"column":4},"end":{"line":140,"column":5}},"36":{"start":{"line":139,"column":6},"end":{"line":139,"column":73}},"37":{"start":{"line":142,"column":18},"end":{"line":142,"column":48}},"38":{"start":{"line":143,"column":4},"end":{"line":145,"column":5}},"39":{"start":{"line":143,"column":17},"end":{"line":143,"column":18}},"40":{"start":{"line":144,"column":6},"end":{"line":144,"column":52}},"41":{"start":{"line":147,"column":4},"end":{"line":147,"column":32}},"42":{"start":{"line":156,"column":4},"end":{"line":158,"column":5}},"43":{"start":{"line":157,"column":6},"end":{"line":157,"column":19}},"44":{"start":{"line":160,"column":4},"end":{"line":164,"column":5}},"45":{"start":{"line":160,"column":17},"end":{"line":160,"column":18}},"46":{"start":{"line":161,"column":6},"end":{"line":163,"column":7}},"47":{"start":{"line":162,"column":8},"end":{"line":162,"column":21}},"48":{"start":{"line":166,"column":4},"end":{"line":166,"column":16}},"49":{"start":{"line":85,"column":0},"end":{"line":85,"column":13}},"50":{"start":{"line":180,"column":20},"end":{"line":180,"column":42}},"51":{"start":{"line":181,"column":20},"end":{"line":181,"column":40}},"52":{"start":{"line":189,"column":23},"end":{"line":189,"column":44}},"53":{"start":{"line":190,"column":22},"end":{"line":190,"column":58}},"54":{"start":{"line":191,"column":4},"end":{"line":191,"column":46}},"55":{"start":{"line":173,"column":0},"end":{"line":173,"column":13}},"56":{"start":{"line":200,"column":2},"end":{"line":200,"column":28}},"57":{"start":{"line":209,"column":2},"end":{"line":209,"column":46}}},"fnMap":{"0":{"name":"(anonymous_0)","decl":{"start":{"line":24,"column":2},"end":{"line":24,"column":14}},"loc":{"start":{"line":24,"column":31},"end":{"line":29,"column":3}}},"1":{"name":"(anonymous_1)","decl":{"start":{"line":35,"column":2},"end":{"line":35,"column":8}},"loc":{"start":{"line":35,"column":17},"end":{"line":39,"column":3}}},"2":{"name":"(anonymous_2)","decl":{"start":{"line":45,"column":2},"end":{"line":45,"column":10}},"loc":{"start":{"line":45,"column":10},"end":{"line":47,"column":3}}},"3":{"name":"(anonymous_3)","decl":{"start":{"line":53,"column":2},"end":{"line":53,"column":7}},"loc":{"start":{"line":53,"column":7},"end":{"line":57,"column":3}}},"4":{"name":"(anonymous_4)","decl":{"start":{"line":55,"column":11},"end":{"line":55,"column":12}},"loc":{"start":{"line":55,"column":16},"end":{"line":55,"column":47}}},"5":{"name":"(anonymous_5)","decl":{"start":{"line":64,"column":2},"end":{"line":64,"column":8}},"loc":{"start":{"line":64,"column":28},"end":{"line":79,"column":3}}},"6":{"name":"(anonymous_6)","decl":{"start":{"line":92,"column":2},"end":{"line":92,"column":14}},"loc":{"start":{"line":92,"column":31},"end":{"line":97,"column":3}}},"7":{"name":"(anonymous_7)","decl":{"start":{"line":104,"column":2},"end":{"line":104,"column":8}},"loc":{"start":{"line":104,"column":46},"end":{"line":108,"column":3}}},"8":{"name":"(anonymous_8)","decl":{"start":{"line":114,"column":2},"end":{"line":114,"column":10}},"loc":{"start":{"line":114,"column":10},"end":{"line":116,"column":3}}},"9":{"name":"(anonymous_9)","decl":{"start":{"line":122,"column":2},"end":{"line":122,"column":7}},"loc":{"start":{"line":122,"column":7},"end":{"line":126,"column":3}}},"10":{"name":"(anonymous_10)","decl":{"start":{"line":124,"column":11},"end":{"line":124,"column":12}},"loc":{"start":{"line":124,"column":16},"end":{"line":124,"column":47}}},"11":{"name":"(anonymous_11)","decl":{"start":{"line":133,"column":2},"end":{"line":133,"column":8}},"loc":{"start":{"line":133,"column":28},"end":{"line":148,"column":3}}},"12":{"name":"(anonymous_12)","decl":{"start":{"line":155,"column":2},"end":{"line":155,"column":8}},"loc":{"start":{"line":155,"column":25},"end":{"line":167,"column":3}}},"13":{"name":"(anonymous_13)","decl":{"start":{"line":179,"column":2},"end":{"line":179,"column":null}},"loc":{"start":{"line":181,"column":40},"end":{"line":182,"column":6}}},"14":{"name":"(anonymous_14)","decl":{"start":{"line":188,"column":2},"end":{"line":188,"column":8}},"loc":{"start":{"line":188,"column":17},"end":{"line":192,"column":3}}},"15":{"name":"generateKeyPair","decl":{"start":{"line":199,"column":16},"end":{"line":199,"column":31}},"loc":{"start":{"line":199,"column":31},"end":{"line":201,"column":1}}},"16":{"name":"privateToPublic","decl":{"start":{"line":208,"column":16},"end":{"line":208,"column":31}},"loc":{"start":{"line":208,"column":54},"end":{"line":210,"column":1}}}},"branchMap":{"0":{"loc":{"start":{"line":25,"column":4},"end":{"line":27,"column":5}},"type":"if","locations":[{"start":{"line":25,"column":4},"end":{"line":27,"column":5}}]},"1":{"loc":{"start":{"line":65,"column":4},"end":{"line":67,"column":5}},"type":"if","locations":[{"start":{"line":65,"column":4},"end":{"line":67,"column":5}}]},"2":{"loc":{"start":{"line":69,"column":4},"end":{"line":71,"column":5}},"type":"if","locations":[{"start":{"line":69,"column":4},"end":{"line":71,"column":5}}]},"3":{"loc":{"start":{"line":93,"column":4},"end":{"line":95,"column":5}},"type":"if","locations":[{"start":{"line":93,"column":4},"end":{"line":95,"column":5}}]},"4":{"loc":{"start":{"line":134,"column":4},"end":{"line":136,"column":5}},"type":"if","locations":[{"start":{"line":134,"column":4},"end":{"line":136,"column":5}}]},"5":{"loc":{"start":{"line":138,"column":4},"end":{"line":140,"column":5}},"type":"if","locations":[{"start":{"line":138,"column":4},"end":{"line":140,"column":5}}]},"6":{"loc":{"start":{"line":156,"column":4},"end":{"line":158,"column":5}},"type":"if","locations":[{"start":{"line":156,"column":4},"end":{"line":158,"column":5}}]},"7":{"loc":{"start":{"line":161,"column":6},"end":{"line":163,"column":7}},"type":"if","locations":[{"start":{"line":161,"column":6},"end":{"line":163,"column":7}}]}},"s":{"0":1,"1":1,"2":1,"3":1,"4":1,"5":12,"6":2,"7":10,"8":9,"9":9,"10":9,"11":12,"12":4,"13":256,"14":3,"15":1,"16":2,"17":1,"18":1,"19":1,"20":1,"21":64,"22":1,"23":1,"24":13,"25":2,"26":11,"27":10,"28":10,"29":10,"30":2,"31":6,"32":384,"33":1,"34":0,"35":1,"36":0,"37":1,"38":1,"39":1,"40":64,"41":1,"42":2,"43":0,"44":2,"45":2,"46":65,"47":1,"48":1,"49":1,"50":4,"51":4,"52":4,"53":4,"54":4,"55":1,"56":1,"57":0},"f":{"0":12,"1":9,"2":12,"3":4,"4":256,"5":3,"6":13,"7":10,"8":2,"9":6,"10":384,"11":1,"12":2,"13":4,"14":4,"15":1,"16":0},"b":{"0":[2],"1":[1],"2":[1],"3":[2],"4":[0],"5":[0],"6":[0],"7":[1]}}
}
