{"C:\\Users\\RealShahriya\\Desktop\\TOPAY FOUNDATION\\Projects\\TOPAY_Z512\\js\\src\\hash.ts": {"path":"C:\\Users\\RealShahriya\\Desktop\\TOPAY FOUNDATION\\Projects\\TOPAY_Z512\\js\\src\\hash.ts","statementMap":{"0":{"start":{"line":148,"column":0},"end":{"line":148,"column":16}},"1":{"start":{"line":158,"column":0},"end":{"line":158,"column":16}},"2":{"start":{"line":167,"column":0},"end":{"line":167,"column":16}},"3":{"start":{"line":175,"column":0},"end":{"line":175,"column":16}},"4":{"start":{"line":8,"column":0},"end":{"line":8,"column":35}},"5":{"start":{"line":11,"column":13},"end":{"line":11,"column":34}},"6":{"start":{"line":24,"column":4},"end":{"line":26,"column":5}},"7":{"start":{"line":25,"column":6},"end":{"line":25,"column":91}},"8":{"start":{"line":27,"column":4},"end":{"line":27,"column":39}},"9":{"start":{"line":36,"column":22},"end":{"line":36,"column":86}},"10":{"start":{"line":37,"column":22},"end":{"line":37,"column":53}},"11":{"start":{"line":38,"column":4},"end":{"line":38,"column":47}},"12":{"start":{"line":48,"column":23},"end":{"line":48,"column":90}},"13":{"start":{"line":49,"column":23},"end":{"line":49,"column":90}},"14":{"start":{"line":52,"column":18},"end":{"line":52,"column":38}},"15":{"start":{"line":53,"column":18},"end":{"line":53,"column":38}},"16":{"start":{"line":56,"column":26},"end":{"line":56,"column":95}},"17":{"start":{"line":57,"column":4},"end":{"line":57,"column":43}},"18":{"start":{"line":58,"column":4},"end":{"line":58,"column":50}},"19":{"start":{"line":59,"column":4},"end":{"line":59,"column":69}},"20":{"start":{"line":62,"column":4},"end":{"line":62,"column":35}},"21":{"start":{"line":70,"column":4},"end":{"line":70,"column":38}},"22":{"start":{"line":78,"column":4},"end":{"line":80,"column":16}},"23":{"start":{"line":79,"column":16},"end":{"line":79,"column":47}},"24":{"start":{"line":89,"column":4},"end":{"line":91,"column":5}},"25":{"start":{"line":90,"column":6},"end":{"line":90,"column":92}},"26":{"start":{"line":93,"column":4},"end":{"line":95,"column":5}},"27":{"start":{"line":94,"column":6},"end":{"line":94,"column":73}},"28":{"start":{"line":97,"column":18},"end":{"line":97,"column":49}},"29":{"start":{"line":98,"column":4},"end":{"line":100,"column":5}},"30":{"start":{"line":98,"column":17},"end":{"line":98,"column":18}},"31":{"start":{"line":99,"column":6},"end":{"line":99,"column":52}},"32":{"start":{"line":102,"column":4},"end":{"line":102,"column":27}},"33":{"start":{"line":111,"column":4},"end":{"line":113,"column":5}},"34":{"start":{"line":112,"column":6},"end":{"line":112,"column":19}},"35":{"start":{"line":115,"column":4},"end":{"line":119,"column":5}},"36":{"start":{"line":115,"column":17},"end":{"line":115,"column":18}},"37":{"start":{"line":116,"column":6},"end":{"line":118,"column":7}},"38":{"start":{"line":117,"column":8},"end":{"line":117,"column":21}},"39":{"start":{"line":121,"column":4},"end":{"line":121,"column":16}},"40":{"start":{"line":129,"column":4},"end":{"line":129,"column":24}},"41":{"start":{"line":138,"column":21},"end":{"line":138,"column":42}},"42":{"start":{"line":139,"column":4},"end":{"line":139,"column":30}},"43":{"start":{"line":16,"column":0},"end":{"line":16,"column":13}},"44":{"start":{"line":149,"column":2},"end":{"line":149,"column":35}},"45":{"start":{"line":159,"column":2},"end":{"line":159,"column":47}},"46":{"start":{"line":168,"column":2},"end":{"line":168,"column":28}},"47":{"start":{"line":176,"column":2},"end":{"line":176,"column":34}}},"fnMap":{"0":{"name":"(anonymous_0)","decl":{"start":{"line":23,"column":2},"end":{"line":23,"column":14}},"loc":{"start":{"line":23,"column":31},"end":{"line":28,"column":3}}},"1":{"name":"(anonymous_1)","decl":{"start":{"line":35,"column":2},"end":{"line":35,"column":8}},"loc":{"start":{"line":35,"column":38},"end":{"line":39,"column":3}}},"2":{"name":"(anonymous_2)","decl":{"start":{"line":47,"column":2},"end":{"line":47,"column":8}},"loc":{"start":{"line":47,"column":71},"end":{"line":63,"column":3}}},"3":{"name":"(anonymous_3)","decl":{"start":{"line":69,"column":2},"end":{"line":69,"column":10}},"loc":{"start":{"line":69,"column":10},"end":{"line":71,"column":3}}},"4":{"name":"(anonymous_4)","decl":{"start":{"line":77,"column":2},"end":{"line":77,"column":7}},"loc":{"start":{"line":77,"column":7},"end":{"line":81,"column":3}}},"5":{"name":"(anonymous_5)","decl":{"start":{"line":79,"column":11},"end":{"line":79,"column":12}},"loc":{"start":{"line":79,"column":16},"end":{"line":79,"column":47}}},"6":{"name":"(anonymous_6)","decl":{"start":{"line":88,"column":2},"end":{"line":88,"column":8}},"loc":{"start":{"line":88,"column":28},"end":{"line":103,"column":3}}},"7":{"name":"(anonymous_7)","decl":{"start":{"line":110,"column":2},"end":{"line":110,"column":8}},"loc":{"start":{"line":110,"column":20},"end":{"line":122,"column":3}}},"8":{"name":"(anonymous_8)","decl":{"start":{"line":128,"column":2},"end":{"line":128,"column":10}},"loc":{"start":{"line":128,"column":10},"end":{"line":130,"column":3}}},"9":{"name":"(anonymous_9)","decl":{"start":{"line":137,"column":2},"end":{"line":137,"column":8}},"loc":{"start":{"line":137,"column":20},"end":{"line":140,"column":3}}},"10":{"name":"hash","decl":{"start":{"line":148,"column":16},"end":{"line":148,"column":20}},"loc":{"start":{"line":148,"column":46},"end":{"line":150,"column":1}}},"11":{"name":"hashCombine","decl":{"start":{"line":158,"column":16},"end":{"line":158,"column":27}},"loc":{"start":{"line":158,"column":82},"end":{"line":160,"column":1}}},"12":{"name":"newWithTime","decl":{"start":{"line":167,"column":16},"end":{"line":167,"column":27}},"loc":{"start":{"line":167,"column":27},"end":{"line":169,"column":1}}},"13":{"name":"hashWithTime","decl":{"start":{"line":175,"column":16},"end":{"line":175,"column":28}},"loc":{"start":{"line":175,"column":28},"end":{"line":177,"column":1}}}},"branchMap":{"0":{"loc":{"start":{"line":24,"column":4},"end":{"line":26,"column":5}},"type":"if","locations":[{"start":{"line":24,"column":4},"end":{"line":26,"column":5}}]},"1":{"loc":{"start":{"line":36,"column":22},"end":{"line":36,"column":86}},"type":"cond-expr","locations":[{"start":{"line":36,"column":49},"end":{"line":36,"column":79}},{"start":{"line":36,"column":82},"end":{"line":36,"column":86}}]},"2":{"loc":{"start":{"line":48,"column":23},"end":{"line":48,"column":90}},"type":"cond-expr","locations":[{"start":{"line":48,"column":51},"end":{"line":48,"column":82}},{"start":{"line":48,"column":85},"end":{"line":48,"column":90}}]},"3":{"loc":{"start":{"line":49,"column":23},"end":{"line":49,"column":90}},"type":"cond-expr","locations":[{"start":{"line":49,"column":51},"end":{"line":49,"column":82}},{"start":{"line":49,"column":85},"end":{"line":49,"column":90}}]},"4":{"loc":{"start":{"line":89,"column":4},"end":{"line":91,"column":5}},"type":"if","locations":[{"start":{"line":89,"column":4},"end":{"line":91,"column":5}}]},"5":{"loc":{"start":{"line":93,"column":4},"end":{"line":95,"column":5}},"type":"if","locations":[{"start":{"line":93,"column":4},"end":{"line":95,"column":5}}]},"6":{"loc":{"start":{"line":111,"column":4},"end":{"line":113,"column":5}},"type":"if","locations":[{"start":{"line":111,"column":4},"end":{"line":113,"column":5}}]},"7":{"loc":{"start":{"line":116,"column":6},"end":{"line":118,"column":7}},"type":"if","locations":[{"start":{"line":116,"column":6},"end":{"line":118,"column":7}}]}},"s":{"0":1,"1":1,"2":1,"3":1,"4":1,"5":1,"6":0,"7":0,"8":0,"9":0,"10":0,"11":0,"12":0,"13":0,"14":0,"15":0,"16":0,"17":0,"18":0,"19":0,"20":0,"21":0,"22":0,"23":0,"24":0,"25":0,"26":0,"27":0,"28":0,"29":0,"30":0,"31":0,"32":0,"33":0,"34":0,"35":0,"36":0,"37":0,"38":0,"39":0,"40":0,"41":0,"42":0,"43":1,"44":0,"45":0,"46":0,"47":0},"f":{"0":0,"1":0,"2":0,"3":0,"4":0,"5":0,"6":0,"7":0,"8":0,"9":0,"10":0,"11":0,"12":0,"13":0},"b":{"0":[0],"1":[0,0],"2":[0,0],"3":[0,0],"4":[0],"5":[0],"6":[0],"7":[0]}}
,"C:\\Users\\RealShahriya\\Desktop\\TOPAY FOUNDATION\\Projects\\TOPAY_Z512\\js\\src\\index.ts": {"path":"C:\\Users\\RealShahriya\\Desktop\\TOPAY FOUNDATION\\Projects\\TOPAY_Z512\\js\\src\\index.ts","statementMap":{"0":{"start":{"line":10,"column":0},"end":{"line":10,"column":23}},"1":{"start":{"line":11,"column":0},"end":{"line":11,"column":26}},"2":{"start":{"line":12,"column":0},"end":{"line":12,"column":22}},"3":{"start":{"line":15,"column":13},"end":{"line":15,"column":31}},"4":{"start":{"line":16,"column":13},"end":{"line":16,"column":32}}},"fnMap":{},"branchMap":{},"s":{"0":0,"1":0,"2":0,"3":0,"4":0},"f":{},"b":{}}
,"C:\\Users\\RealShahriya\\Desktop\\TOPAY FOUNDATION\\Projects\\TOPAY_Z512\\js\\src\\kem.ts": {"path":"C:\\Users\\RealShahriya\\Desktop\\TOPAY FOUNDATION\\Projects\\TOPAY_Z512\\js\\src\\kem.ts","statementMap":{"0":{"start":{"line":176,"column":0},"end":{"line":176,"column":16}},"1":{"start":{"line":186,"column":0},"end":{"line":186,"column":16}},"2":{"start":{"line":221,"column":0},"end":{"line":221,"column":16}},"3":{"start":{"line":8,"column":0},"end":{"line":8,"column":36}},"4":{"start":{"line":9,"column":0},"end":{"line":9,"column":93}},"5":{"start":{"line":10,"column":0},"end":{"line":10,"column":41}},"6":{"start":{"line":13,"column":13},"end":{"line":13,"column":30}},"7":{"start":{"line":16,"column":13},"end":{"line":16,"column":31}},"8":{"start":{"line":19,"column":13},"end":{"line":19,"column":33}},"9":{"start":{"line":22,"column":13},"end":{"line":22,"column":53}},"10":{"start":{"line":25,"column":13},"end":{"line":25,"column":67}},"11":{"start":{"line":37,"column":12},"end":{"line":37,"column":26}},"12":{"start":{"line":38,"column":12},"end":{"line":38,"column":25}},"13":{"start":{"line":40,"column":4},"end":{"line":42,"column":5}},"14":{"start":{"line":41,"column":6},"end":{"line":41,"column":49}},"15":{"start":{"line":43,"column":4},"end":{"line":45,"column":5}},"16":{"start":{"line":44,"column":6},"end":{"line":44,"column":49}},"17":{"start":{"line":52,"column":18},"end":{"line":52,"column":55}},"18":{"start":{"line":55,"column":4},"end":{"line":58,"column":5}},"19":{"start":{"line":55,"column":17},"end":{"line":55,"column":18}},"20":{"start":{"line":56,"column":6},"end":{"line":56,"column":43}},"21":{"start":{"line":57,"column":6},"end":{"line":57,"column":38}},"22":{"start":{"line":61,"column":4},"end":{"line":61,"column":27}},"23":{"start":{"line":63,"column":4},"end":{"line":63,"column":17}},"24":{"start":{"line":71,"column":4},"end":{"line":73,"column":5}},"25":{"start":{"line":72,"column":6},"end":{"line":72,"column":51}},"26":{"start":{"line":75,"column":14},"end":{"line":75,"column":32}},"27":{"start":{"line":78,"column":4},"end":{"line":80,"column":5}},"28":{"start":{"line":78,"column":17},"end":{"line":78,"column":18}},"29":{"start":{"line":79,"column":6},"end":{"line":79,"column":46}},"30":{"start":{"line":83,"column":14},"end":{"line":83,"column":43}},"31":{"start":{"line":84,"column":4},"end":{"line":86,"column":5}},"32":{"start":{"line":84,"column":17},"end":{"line":84,"column":18}},"33":{"start":{"line":85,"column":6},"end":{"line":85,"column":26}},"34":{"start":{"line":88,"column":4},"end":{"line":88,"column":32}},"35":{"start":{"line":95,"column":18},"end":{"line":95,"column":33}},"36":{"start":{"line":96,"column":4},"end":{"line":96,"column":46}},"37":{"start":{"line":104,"column":4},"end":{"line":106,"column":5}},"38":{"start":{"line":105,"column":6},"end":{"line":105,"column":51}},"39":{"start":{"line":108,"column":18},"end":{"line":108,"column":44}},"40":{"start":{"line":109,"column":4},"end":{"line":109,"column":55}},"41":{"start":{"line":116,"column":4},"end":{"line":116,"column":18}},"42":{"start":{"line":123,"column":4},"end":{"line":123,"column":18}},"43":{"start":{"line":30,"column":0},"end":{"line":30,"column":13}},"44":{"start":{"line":138,"column":4},"end":{"line":140,"column":5}},"45":{"start":{"line":139,"column":6},"end":{"line":139,"column":54}},"46":{"start":{"line":142,"column":4},"end":{"line":142,"column":39}},"47":{"start":{"line":149,"column":4},"end":{"line":149,"column":38}},"48":{"start":{"line":156,"column":4},"end":{"line":156,"column":51}},"49":{"start":{"line":164,"column":4},"end":{"line":166,"column":5}},"50":{"start":{"line":165,"column":6},"end":{"line":165,"column":51}},"51":{"start":{"line":168,"column":18},"end":{"line":168,"column":44}},"52":{"start":{"line":169,"column":4},"end":{"line":169,"column":51}},"53":{"start":{"line":130,"column":0},"end":{"line":130,"column":13}},"54":{"start":{"line":179,"column":2},"end":{"line":179,"column":27}},"55":{"start":{"line":191,"column":18},"end":{"line":191,"column":47}},"56":{"start":{"line":192,"column":2},"end":{"line":194,"column":3}},"57":{"start":{"line":192,"column":15},"end":{"line":192,"column":16}},"58":{"start":{"line":193,"column":4},"end":{"line":193,"column":49}},"59":{"start":{"line":197,"column":12},"end":{"line":197,"column":30}},"60":{"start":{"line":198,"column":12},"end":{"line":198,"column":35}},"61":{"start":{"line":199,"column":21},"end":{"line":199,"column":41}},"62":{"start":{"line":203,"column":15},"end":{"line":203,"column":37}},"63":{"start":{"line":204,"column":2},"end":{"line":204,"column":46}},"64":{"start":{"line":205,"column":2},"end":{"line":205,"column":49}},"65":{"start":{"line":206,"column":17},"end":{"line":206,"column":30}},"66":{"start":{"line":208,"column":28},"end":{"line":208,"column":50}},"67":{"start":{"line":210,"column":2},"end":{"line":213,"column":4}},"68":{"start":{"line":226,"column":20},"end":{"line":226,"column":47}},"69":{"start":{"line":230,"column":15},"end":{"line":230,"column":37}},"70":{"start":{"line":231,"column":2},"end":{"line":231,"column":46}},"71":{"start":{"line":232,"column":2},"end":{"line":232,"column":49}},"72":{"start":{"line":233,"column":17},"end":{"line":233,"column":30}},"73":{"start":{"line":235,"column":2},"end":{"line":235,"column":50}}},"fnMap":{"0":{"name":"(anonymous_0)","decl":{"start":{"line":36,"column":2},"end":{"line":36,"column":null}},"loc":{"start":{"line":38,"column":25},"end":{"line":46,"column":3}}},"1":{"name":"(anonymous_1)","decl":{"start":{"line":51,"column":2},"end":{"line":51,"column":10}},"loc":{"start":{"line":51,"column":10},"end":{"line":64,"column":3}}},"2":{"name":"(anonymous_2)","decl":{"start":{"line":70,"column":2},"end":{"line":70,"column":8}},"loc":{"start":{"line":70,"column":36},"end":{"line":89,"column":3}}},"3":{"name":"(anonymous_3)","decl":{"start":{"line":94,"column":2},"end":{"line":94,"column":7}},"loc":{"start":{"line":94,"column":7},"end":{"line":97,"column":3}}},"4":{"name":"(anonymous_4)","decl":{"start":{"line":103,"column":2},"end":{"line":103,"column":8}},"loc":{"start":{"line":103,"column":31},"end":{"line":110,"column":3}}},"5":{"name":"(anonymous_5)","decl":{"start":{"line":115,"column":2},"end":{"line":115,"column":6}},"loc":{"start":{"line":115,"column":6},"end":{"line":117,"column":3}}},"6":{"name":"(anonymous_6)","decl":{"start":{"line":122,"column":2},"end":{"line":122,"column":6}},"loc":{"start":{"line":122,"column":6},"end":{"line":124,"column":3}}},"7":{"name":"(anonymous_7)","decl":{"start":{"line":137,"column":2},"end":{"line":137,"column":14}},"loc":{"start":{"line":137,"column":31},"end":{"line":143,"column":3}}},"8":{"name":"(anonymous_8)","decl":{"start":{"line":148,"column":2},"end":{"line":148,"column":10}},"loc":{"start":{"line":148,"column":10},"end":{"line":150,"column":3}}},"9":{"name":"(anonymous_9)","decl":{"start":{"line":155,"column":2},"end":{"line":155,"column":7}},"loc":{"start":{"line":155,"column":7},"end":{"line":157,"column":3}}},"10":{"name":"(anonymous_10)","decl":{"start":{"line":163,"column":2},"end":{"line":163,"column":8}},"loc":{"start":{"line":163,"column":31},"end":{"line":170,"column":3}}},"11":{"name":"keygen","decl":{"start":{"line":176,"column":16},"end":{"line":176,"column":22}},"loc":{"start":{"line":176,"column":22},"end":{"line":180,"column":1}}},"12":{"name":"encapsulate","decl":{"start":{"line":186,"column":16},"end":{"line":186,"column":27}},"loc":{"start":{"line":186,"column":48},"end":{"line":214,"column":1}}},"13":{"name":"decapsulate","decl":{"start":{"line":221,"column":16},"end":{"line":221,"column":27}},"loc":{"start":{"line":221,"column":74},"end":{"line":236,"column":1}}}},"branchMap":{"0":{"loc":{"start":{"line":40,"column":4},"end":{"line":42,"column":5}},"type":"if","locations":[{"start":{"line":40,"column":4},"end":{"line":42,"column":5}}]},"1":{"loc":{"start":{"line":43,"column":4},"end":{"line":45,"column":5}},"type":"if","locations":[{"start":{"line":43,"column":4},"end":{"line":45,"column":5}}]},"2":{"loc":{"start":{"line":71,"column":4},"end":{"line":73,"column":5}},"type":"if","locations":[{"start":{"line":71,"column":4},"end":{"line":73,"column":5}}]},"3":{"loc":{"start":{"line":104,"column":4},"end":{"line":106,"column":5}},"type":"if","locations":[{"start":{"line":104,"column":4},"end":{"line":106,"column":5}}]},"4":{"loc":{"start":{"line":138,"column":4},"end":{"line":140,"column":5}},"type":"if","locations":[{"start":{"line":138,"column":4},"end":{"line":140,"column":5}}]},"5":{"loc":{"start":{"line":164,"column":4},"end":{"line":166,"column":5}},"type":"if","locations":[{"start":{"line":164,"column":4},"end":{"line":166,"column":5}}]}},"s":{"0":1,"1":1,"2":1,"3":1,"4":1,"5":1,"6":1,"7":1,"8":1,"9":1,"10":1,"11":7,"12":7,"13":7,"14":0,"15":7,"16":0,"17":5,"18":5,"19":5,"20":5120,"21":5120,"22":5,"23":5,"24":3,"25":1,"26":2,"27":2,"28":2,"29":2048,"30":2,"31":2,"32":2,"33":128,"34":2,"35":1,"36":1,"37":2,"38":1,"39":1,"40":1,"41":0,"42":6,"43":1,"44":9,"45":1,"46":8,"47":6,"48":1,"49":2,"50":1,"51":1,"52":1,"53":1,"54":5,"55":5,"56":5,"57":5,"58":320,"59":5,"60":5,"61":5,"62":5,"63":5,"64":5,"65":5,"66":5,"67":5,"68":1,"69":1,"70":1,"71":1,"72":1,"73":1},"f":{"0":7,"1":5,"2":3,"3":1,"4":2,"5":0,"6":6,"7":9,"8":6,"9":1,"10":2,"11":5,"12":5,"13":1},"b":{"0":[0],"1":[0],"2":[1],"3":[1],"4":[1],"5":[1]}}
,"C:\\Users\\RealShahriya\\Desktop\\TOPAY FOUNDATION\\Projects\\TOPAY_Z512\\js\\src\\keypair.ts": {"path":"C:\\Users\\RealShahriya\\Desktop\\TOPAY FOUNDATION\\Projects\\TOPAY_Z512\\js\\src\\keypair.ts","statementMap":{"0":{"start":{"line":199,"column":0},"end":{"line":199,"column":16}},"1":{"start":{"line":208,"column":0},"end":{"line":208,"column":16}},"2":{"start":{"line":8,"column":0},"end":{"line":8,"column":35}},"3":{"start":{"line":9,"column":0},"end":{"line":9,"column":41}},"4":{"start":{"line":12,"column":13},"end":{"line":12,"column":46}},"5":{"start":{"line":25,"column":4},"end":{"line":27,"column":5}},"6":{"start":{"line":26,"column":6},"end":{"line":26,"column":97}},"7":{"start":{"line":28,"column":4},"end":{"line":28,"column":39}},"8":{"start":{"line":36,"column":18},"end":{"line":36,"column":48}},"9":{"start":{"line":37,"column":4},"end":{"line":37,"column":34}},"10":{"start":{"line":38,"column":4},"end":{"line":38,"column":33}},"11":{"start":{"line":46,"column":4},"end":{"line":46,"column":38}},"12":{"start":{"line":54,"column":4},"end":{"line":56,"column":16}},"13":{"start":{"line":55,"column":16},"end":{"line":55,"column":47}},"14":{"start":{"line":65,"column":4},"end":{"line":67,"column":5}},"15":{"start":{"line":66,"column":6},"end":{"line":66,"column":91}},"16":{"start":{"line":69,"column":4},"end":{"line":71,"column":5}},"17":{"start":{"line":70,"column":6},"end":{"line":70,"column":73}},"18":{"start":{"line":73,"column":18},"end":{"line":73,"column":48}},"19":{"start":{"line":74,"column":4},"end":{"line":76,"column":5}},"20":{"start":{"line":74,"column":17},"end":{"line":74,"column":18}},"21":{"start":{"line":75,"column":6},"end":{"line":75,"column":52}},"22":{"start":{"line":78,"column":4},"end":{"line":78,"column":33}},"23":{"start":{"line":17,"column":0},"end":{"line":17,"column":13}},"24":{"start":{"line":93,"column":4},"end":{"line":95,"column":5}},"25":{"start":{"line":94,"column":6},"end":{"line":94,"column":96}},"26":{"start":{"line":96,"column":4},"end":{"line":96,"column":39}},"27":{"start":{"line":105,"column":28},"end":{"line":105,"column":49}},"28":{"start":{"line":106,"column":22},"end":{"line":106,"column":59}},"29":{"start":{"line":107,"column":4},"end":{"line":107,"column":52}},"30":{"start":{"line":115,"column":4},"end":{"line":115,"column":38}},"31":{"start":{"line":123,"column":4},"end":{"line":125,"column":16}},"32":{"start":{"line":124,"column":16},"end":{"line":124,"column":47}},"33":{"start":{"line":134,"column":4},"end":{"line":136,"column":5}},"34":{"start":{"line":135,"column":6},"end":{"line":135,"column":91}},"35":{"start":{"line":138,"column":4},"end":{"line":140,"column":5}},"36":{"start":{"line":139,"column":6},"end":{"line":139,"column":73}},"37":{"start":{"line":142,"column":18},"end":{"line":142,"column":48}},"38":{"start":{"line":143,"column":4},"end":{"line":145,"column":5}},"39":{"start":{"line":143,"column":17},"end":{"line":143,"column":18}},"40":{"start":{"line":144,"column":6},"end":{"line":144,"column":52}},"41":{"start":{"line":147,"column":4},"end":{"line":147,"column":32}},"42":{"start":{"line":156,"column":4},"end":{"line":158,"column":5}},"43":{"start":{"line":157,"column":6},"end":{"line":157,"column":19}},"44":{"start":{"line":160,"column":4},"end":{"line":164,"column":5}},"45":{"start":{"line":160,"column":17},"end":{"line":160,"column":18}},"46":{"start":{"line":161,"column":6},"end":{"line":163,"column":7}},"47":{"start":{"line":162,"column":8},"end":{"line":162,"column":21}},"48":{"start":{"line":166,"column":4},"end":{"line":166,"column":16}},"49":{"start":{"line":85,"column":0},"end":{"line":85,"column":13}},"50":{"start":{"line":180,"column":20},"end":{"line":180,"column":42}},"51":{"start":{"line":181,"column":20},"end":{"line":181,"column":40}},"52":{"start":{"line":189,"column":23},"end":{"line":189,"column":44}},"53":{"start":{"line":190,"column":22},"end":{"line":190,"column":58}},"54":{"start":{"line":191,"column":4},"end":{"line":191,"column":46}},"55":{"start":{"line":173,"column":0},"end":{"line":173,"column":13}},"56":{"start":{"line":200,"column":2},"end":{"line":200,"column":28}},"57":{"start":{"line":209,"column":2},"end":{"line":209,"column":46}}},"fnMap":{"0":{"name":"(anonymous_0)","decl":{"start":{"line":24,"column":2},"end":{"line":24,"column":14}},"loc":{"start":{"line":24,"column":31},"end":{"line":29,"column":3}}},"1":{"name":"(anonymous_1)","decl":{"start":{"line":35,"column":2},"end":{"line":35,"column":8}},"loc":{"start":{"line":35,"column":17},"end":{"line":39,"column":3}}},"2":{"name":"(anonymous_2)","decl":{"start":{"line":45,"column":2},"end":{"line":45,"column":10}},"loc":{"start":{"line":45,"column":10},"end":{"line":47,"column":3}}},"3":{"name":"(anonymous_3)","decl":{"start":{"line":53,"column":2},"end":{"line":53,"column":7}},"loc":{"start":{"line":53,"column":7},"end":{"line":57,"column":3}}},"4":{"name":"(anonymous_4)","decl":{"start":{"line":55,"column":11},"end":{"line":55,"column":12}},"loc":{"start":{"line":55,"column":16},"end":{"line":55,"column":47}}},"5":{"name":"(anonymous_5)","decl":{"start":{"line":64,"column":2},"end":{"line":64,"column":8}},"loc":{"start":{"line":64,"column":28},"end":{"line":79,"column":3}}},"6":{"name":"(anonymous_6)","decl":{"start":{"line":92,"column":2},"end":{"line":92,"column":14}},"loc":{"start":{"line":92,"column":31},"end":{"line":97,"column":3}}},"7":{"name":"(anonymous_7)","decl":{"start":{"line":104,"column":2},"end":{"line":104,"column":8}},"loc":{"start":{"line":104,"column":46},"end":{"line":108,"column":3}}},"8":{"name":"(anonymous_8)","decl":{"start":{"line":114,"column":2},"end":{"line":114,"column":10}},"loc":{"start":{"line":114,"column":10},"end":{"line":116,"column":3}}},"9":{"name":"(anonymous_9)","decl":{"start":{"line":122,"column":2},"end":{"line":122,"column":7}},"loc":{"start":{"line":122,"column":7},"end":{"line":126,"column":3}}},"10":{"name":"(anonymous_10)","decl":{"start":{"line":124,"column":11},"end":{"line":124,"column":12}},"loc":{"start":{"line":124,"column":16},"end":{"line":124,"column":47}}},"11":{"name":"(anonymous_11)","decl":{"start":{"line":133,"column":2},"end":{"line":133,"column":8}},"loc":{"start":{"line":133,"column":28},"end":{"line":148,"column":3}}},"12":{"name":"(anonymous_12)","decl":{"start":{"line":155,"column":2},"end":{"line":155,"column":8}},"loc":{"start":{"line":155,"column":25},"end":{"line":167,"column":3}}},"13":{"name":"(anonymous_13)","decl":{"start":{"line":179,"column":2},"end":{"line":179,"column":null}},"loc":{"start":{"line":181,"column":40},"end":{"line":182,"column":6}}},"14":{"name":"(anonymous_14)","decl":{"start":{"line":188,"column":2},"end":{"line":188,"column":8}},"loc":{"start":{"line":188,"column":17},"end":{"line":192,"column":3}}},"15":{"name":"generateKeyPair","decl":{"start":{"line":199,"column":16},"end":{"line":199,"column":31}},"loc":{"start":{"line":199,"column":31},"end":{"line":201,"column":1}}},"16":{"name":"privateToPublic","decl":{"start":{"line":208,"column":16},"end":{"line":208,"column":31}},"loc":{"start":{"line":208,"column":54},"end":{"line":210,"column":1}}}},"branchMap":{"0":{"loc":{"start":{"line":25,"column":4},"end":{"line":27,"column":5}},"type":"if","locations":[{"start":{"line":25,"column":4},"end":{"line":27,"column":5}}]},"1":{"loc":{"start":{"line":65,"column":4},"end":{"line":67,"column":5}},"type":"if","locations":[{"start":{"line":65,"column":4},"end":{"line":67,"column":5}}]},"2":{"loc":{"start":{"line":69,"column":4},"end":{"line":71,"column":5}},"type":"if","locations":[{"start":{"line":69,"column":4},"end":{"line":71,"column":5}}]},"3":{"loc":{"start":{"line":93,"column":4},"end":{"line":95,"column":5}},"type":"if","locations":[{"start":{"line":93,"column":4},"end":{"line":95,"column":5}}]},"4":{"loc":{"start":{"line":134,"column":4},"end":{"line":136,"column":5}},"type":"if","locations":[{"start":{"line":134,"column":4},"end":{"line":136,"column":5}}]},"5":{"loc":{"start":{"line":138,"column":4},"end":{"line":140,"column":5}},"type":"if","locations":[{"start":{"line":138,"column":4},"end":{"line":140,"column":5}}]},"6":{"loc":{"start":{"line":156,"column":4},"end":{"line":158,"column":5}},"type":"if","locations":[{"start":{"line":156,"column":4},"end":{"line":158,"column":5}}]},"7":{"loc":{"start":{"line":161,"column":6},"end":{"line":163,"column":7}},"type":"if","locations":[{"start":{"line":161,"column":6},"end":{"line":163,"column":7}}]}},"s":{"0":1,"1":1,"2":1,"3":1,"4":1,"5":5,"6":0,"7":5,"8":5,"9":5,"10":5,"11":6,"12":0,"13":0,"14":0,"15":0,"16":0,"17":0,"18":0,"19":0,"20":0,"21":0,"22":0,"23":1,"24":6,"25":0,"26":6,"27":6,"28":6,"29":6,"30":6,"31":0,"32":0,"33":0,"34":0,"35":0,"36":0,"37":0,"38":0,"39":0,"40":0,"41":0,"42":0,"43":0,"44":0,"45":0,"46":0,"47":0,"48":0,"49":1,"50":5,"51":5,"52":5,"53":5,"54":5,"55":1,"56":5,"57":1},"f":{"0":5,"1":5,"2":6,"3":0,"4":0,"5":0,"6":6,"7":6,"8":6,"9":0,"10":0,"11":0,"12":0,"13":5,"14":5,"15":5,"16":1},"b":{"0":[0],"1":[0],"2":[0],"3":[0],"4":[0],"5":[0],"6":[0],"7":[0]}}
}
