TN:
SF:src\hash.ts
FN:23,(anonymous_0)
FN:35,(anonymous_1)
FN:47,(anonymous_2)
FN:69,(anonymous_3)
FN:77,(anonymous_4)
FN:79,(anonymous_5)
FN:88,(anonymous_6)
FN:110,(anonymous_7)
FN:128,(anonymous_8)
FN:137,(anonymous_9)
FN:148,hash
FN:158,hashCombine
FN:167,newWithTime
FN:175,hashWithTime
FNF:14
FNH:0
FNDA:0,(anonymous_0)
FNDA:0,(anonymous_1)
FNDA:0,(anonymous_2)
FNDA:0,(anonymous_3)
FNDA:0,(anonymous_4)
FNDA:0,(anonymous_5)
FNDA:0,(anonymous_6)
FNDA:0,(anonymous_7)
FNDA:0,(anonymous_8)
FNDA:0,(anonymous_9)
FNDA:0,hash
FNDA:0,hashCombine
FNDA:0,newWithTime
FNDA:0,hashWithTime
DA:8,1
DA:11,1
DA:16,1
DA:24,0
DA:25,0
DA:27,0
DA:36,0
DA:37,0
DA:38,0
DA:48,0
DA:49,0
DA:52,0
DA:53,0
DA:56,0
DA:57,0
DA:58,0
DA:59,0
DA:62,0
DA:70,0
DA:78,0
DA:79,0
DA:89,0
DA:90,0
DA:93,0
DA:94,0
DA:97,0
DA:98,0
DA:99,0
DA:102,0
DA:111,0
DA:112,0
DA:115,0
DA:116,0
DA:117,0
DA:121,0
DA:129,0
DA:138,0
DA:139,0
DA:148,1
DA:149,0
DA:158,1
DA:159,0
DA:167,1
DA:168,0
DA:175,1
DA:176,0
LF:46
LH:7
BRDA:24,0,0,0
BRDA:36,1,0,0
BRDA:36,1,1,0
BRDA:48,2,0,0
BRDA:48,2,1,0
BRDA:49,3,0,0
BRDA:49,3,1,0
BRDA:89,4,0,0
BRDA:93,5,0,0
BRDA:111,6,0,0
BRDA:116,7,0,0
BRF:11
BRH:0
end_of_record
TN:
SF:src\index.ts
FNF:0
FNH:0
DA:10,0
DA:11,0
DA:12,0
DA:15,0
DA:16,0
LF:5
LH:0
BRF:0
BRH:0
end_of_record
TN:
SF:src\kem.ts
FN:36,(anonymous_0)
FN:51,(anonymous_1)
FN:70,(anonymous_2)
FN:94,(anonymous_3)
FN:103,(anonymous_4)
FN:115,(anonymous_5)
FN:122,(anonymous_6)
FN:137,(anonymous_7)
FN:148,(anonymous_8)
FN:155,(anonymous_9)
FN:163,(anonymous_10)
FN:176,keygen
FN:186,encapsulate
FN:221,decapsulate
FNF:14
FNH:13
FNDA:7,(anonymous_0)
FNDA:5,(anonymous_1)
FNDA:3,(anonymous_2)
FNDA:1,(anonymous_3)
FNDA:2,(anonymous_4)
FNDA:0,(anonymous_5)
FNDA:6,(anonymous_6)
FNDA:9,(anonymous_7)
FNDA:6,(anonymous_8)
FNDA:1,(anonymous_9)
FNDA:2,(anonymous_10)
FNDA:5,keygen
FNDA:5,encapsulate
FNDA:1,decapsulate
DA:8,1
DA:9,1
DA:10,1
DA:13,1
DA:16,1
DA:19,1
DA:22,1
DA:25,1
DA:30,1
DA:37,7
DA:38,7
DA:40,7
DA:41,0
DA:43,7
DA:44,0
DA:52,5
DA:55,5
DA:56,5120
DA:57,5120
DA:61,5
DA:63,5
DA:71,3
DA:72,1
DA:75,2
DA:78,2
DA:79,2048
DA:83,2
DA:84,2
DA:85,128
DA:88,2
DA:95,1
DA:96,1
DA:104,2
DA:105,1
DA:108,1
DA:109,1
DA:116,0
DA:123,6
DA:130,1
DA:138,9
DA:139,1
DA:142,8
DA:149,6
DA:156,1
DA:164,2
DA:165,1
DA:168,1
DA:169,1
DA:176,1
DA:179,5
DA:186,1
DA:191,5
DA:192,5
DA:193,320
DA:197,5
DA:198,5
DA:199,5
DA:203,5
DA:204,5
DA:205,5
DA:206,5
DA:208,5
DA:210,5
DA:221,1
DA:226,1
DA:230,1
DA:231,1
DA:232,1
DA:233,1
DA:235,1
LF:70
LH:67
BRDA:40,0,0,0
BRDA:43,1,0,0
BRDA:71,2,0,1
BRDA:104,3,0,1
BRDA:138,4,0,1
BRDA:164,5,0,1
BRF:6
BRH:4
end_of_record
TN:
SF:src\keypair.ts
FN:24,(anonymous_0)
FN:35,(anonymous_1)
FN:45,(anonymous_2)
FN:53,(anonymous_3)
FN:55,(anonymous_4)
FN:64,(anonymous_5)
FN:92,(anonymous_6)
FN:104,(anonymous_7)
FN:114,(anonymous_8)
FN:122,(anonymous_9)
FN:124,(anonymous_10)
FN:133,(anonymous_11)
FN:155,(anonymous_12)
FN:179,(anonymous_13)
FN:188,(anonymous_14)
FN:199,generateKeyPair
FN:208,privateToPublic
FNF:17
FNH:10
FNDA:5,(anonymous_0)
FNDA:5,(anonymous_1)
FNDA:6,(anonymous_2)
FNDA:0,(anonymous_3)
FNDA:0,(anonymous_4)
FNDA:0,(anonymous_5)
FNDA:6,(anonymous_6)
FNDA:6,(anonymous_7)
FNDA:6,(anonymous_8)
FNDA:0,(anonymous_9)
FNDA:0,(anonymous_10)
FNDA:0,(anonymous_11)
FNDA:0,(anonymous_12)
FNDA:5,(anonymous_13)
FNDA:5,(anonymous_14)
FNDA:5,generateKeyPair
FNDA:1,privateToPublic
DA:8,1
DA:9,1
DA:12,1
DA:17,1
DA:25,5
DA:26,0
DA:28,5
DA:36,5
DA:37,5
DA:38,5
DA:46,6
DA:54,0
DA:55,0
DA:65,0
DA:66,0
DA:69,0
DA:70,0
DA:73,0
DA:74,0
DA:75,0
DA:78,0
DA:85,1
DA:93,6
DA:94,0
DA:96,6
DA:105,6
DA:106,6
DA:107,6
DA:115,6
DA:123,0
DA:124,0
DA:134,0
DA:135,0
DA:138,0
DA:139,0
DA:142,0
DA:143,0
DA:144,0
DA:147,0
DA:156,0
DA:157,0
DA:160,0
DA:161,0
DA:162,0
DA:166,0
DA:173,1
DA:180,5
DA:181,5
DA:189,5
DA:190,5
DA:191,5
DA:199,1
DA:200,5
DA:208,1
DA:209,1
LF:55
LH:27
BRDA:25,0,0,0
BRDA:65,1,0,0
BRDA:69,2,0,0
BRDA:93,3,0,0
BRDA:134,4,0,0
BRDA:138,5,0,0
BRDA:156,6,0,0
BRDA:161,7,0,0
BRF:8
BRH:0
end_of_record
