TN:
SF:src\hash.ts
FN:23,(anonymous_0)
FN:35,(anonymous_1)
FN:47,(anonymous_2)
FN:69,(anonymous_3)
FN:77,(anonymous_4)
FN:79,(anonymous_5)
FN:88,(anonymous_6)
FN:110,(anonymous_7)
FN:128,(anonymous_8)
FN:138,hash
FN:148,hashCombine
FNF:11
FNH:10
FNDA:21,(anonymous_0)
FNDA:20,(anonymous_1)
FNDA:3,(anonymous_2)
FNDA:23,(anonymous_3)
FNDA:9,(anonymous_4)
FNDA:576,(anonymous_5)
FNDA:3,(anonymous_6)
FNDA:5,(anonymous_7)
FNDA:0,(anonymous_8)
FNDA:1,hash
FNDA:1,hashCombine
DA:8,2
DA:11,2
DA:16,2
DA:24,21
DA:25,0
DA:27,21
DA:36,20
DA:37,20
DA:38,20
DA:48,3
DA:49,3
DA:52,3
DA:53,3
DA:56,3
DA:57,3
DA:58,3
DA:59,3
DA:62,3
DA:70,23
DA:78,9
DA:79,576
DA:89,3
DA:90,1
DA:93,2
DA:94,1
DA:97,1
DA:98,1
DA:99,64
DA:102,1
DA:111,5
DA:112,0
DA:115,5
DA:116,194
DA:117,2
DA:121,3
DA:129,0
DA:138,2
DA:139,1
DA:148,2
DA:149,1
LF:40
LH:37
BRDA:24,0,0,0
BRDA:36,1,0,10
BRDA:36,1,1,10
BRDA:48,2,0,3
BRDA:48,2,1,0
BRDA:49,3,0,3
BRDA:49,3,1,0
BRDA:89,4,0,1
BRDA:93,5,0,1
BRDA:111,6,0,0
BRDA:116,7,0,2
BRF:11
BRH:7
end_of_record
TN:
SF:src\index.ts
FNF:0
FNH:0
DA:10,0
DA:11,0
DA:14,0
DA:15,0
LF:4
LH:0
BRF:0
BRH:0
end_of_record
TN:
SF:src\keypair.ts
FN:24,(anonymous_0)
FN:35,(anonymous_1)
FN:45,(anonymous_2)
FN:53,(anonymous_3)
FN:55,(anonymous_4)
FN:64,(anonymous_5)
FN:92,(anonymous_6)
FN:104,(anonymous_7)
FN:114,(anonymous_8)
FN:122,(anonymous_9)
FN:124,(anonymous_10)
FN:133,(anonymous_11)
FN:155,(anonymous_12)
FN:179,(anonymous_13)
FN:188,(anonymous_14)
FN:199,generateKeyPair
FN:208,privateToPublic
FNF:17
FNH:16
FNDA:12,(anonymous_0)
FNDA:9,(anonymous_1)
FNDA:12,(anonymous_2)
FNDA:4,(anonymous_3)
FNDA:256,(anonymous_4)
FNDA:3,(anonymous_5)
FNDA:13,(anonymous_6)
FNDA:10,(anonymous_7)
FNDA:2,(anonymous_8)
FNDA:6,(anonymous_9)
FNDA:384,(anonymous_10)
FNDA:1,(anonymous_11)
FNDA:2,(anonymous_12)
FNDA:4,(anonymous_13)
FNDA:4,(anonymous_14)
FNDA:1,generateKeyPair
FNDA:0,privateToPublic
DA:8,1
DA:9,1
DA:12,1
DA:17,1
DA:25,12
DA:26,2
DA:28,10
DA:36,9
DA:37,9
DA:38,9
DA:46,12
DA:54,4
DA:55,256
DA:65,3
DA:66,1
DA:69,2
DA:70,1
DA:73,1
DA:74,1
DA:75,64
DA:78,1
DA:85,1
DA:93,13
DA:94,2
DA:96,11
DA:105,10
DA:106,10
DA:107,10
DA:115,2
DA:123,6
DA:124,384
DA:134,1
DA:135,0
DA:138,1
DA:139,0
DA:142,1
DA:143,1
DA:144,64
DA:147,1
DA:156,2
DA:157,0
DA:160,2
DA:161,65
DA:162,1
DA:166,1
DA:173,1
DA:180,4
DA:181,4
DA:189,4
DA:190,4
DA:191,4
DA:199,1
DA:200,1
DA:208,1
DA:209,0
LF:55
LH:51
BRDA:25,0,0,2
BRDA:65,1,0,1
BRDA:69,2,0,1
BRDA:93,3,0,2
BRDA:134,4,0,0
BRDA:138,5,0,0
BRDA:156,6,0,0
BRDA:161,7,0,1
BRF:8
BRH:5
end_of_record
